<?xml version="1.0" encoding="UTF-8"?>
<!-- Generated by org.testng.reporters.JUnitReportReporter -->
<testsuite hostname="user-PC" name="com.testrunner.Test_runnerwithTestng" tests="1" failures="0" timestamp="8 Dec 2020 18:52:22 GMT" time="196.411" errors="0">
  <testcase name="feature" time="196.411" classname="com.testrunner.Test_runnerwithTestng"/>
</testsuite> <!-- com.testrunner.Test_runnerwithTestng -->
